<?xml version="1.0" encoding="UTF-8"?>
<testsuite xmlns:xsi="http://www.w3.org/2001/XMLSchema-instance" xsi:noNamespaceSchemaLocation="https://maven.apache.org/surefire/maven-surefire-plugin/xsd/surefire-test-report.xsd" name="koszyk.KoszykTest" time="0.105" tests="9" errors="0" skipped="0" failures="0">
  <properties>
    <property name="java.specification.version" value="23"/>
    <property name="sun.cpu.isalist" value="amd64"/>
    <property name="sun.jnu.encoding" value="Cp1250"/>
    <property name="java.class.path" value="C:\Users\mikol\Desktop\studia\java\Java_Calculator\Koszyk\koszyk\target\test-classes;C:\Users\mikol\Desktop\studia\java\Java_Calculator\Koszyk\koszyk\target\classes;C:\Users\mikol\.m2\repository\junit\junit\4.13.2\junit-4.13.2.jar;C:\Users\mikol\.m2\repository\org\hamcrest\hamcrest-core\1.3\hamcrest-core-1.3.jar;"/>
    <property name="java.vm.vendor" value="Oracle Corporation"/>
    <property name="sun.arch.data.model" value="64"/>
    <property name="user.variant" value=""/>
    <property name="java.vendor.url" value="https://java.oracle.com/"/>
    <property name="user.timezone" value="Europe/Warsaw"/>
    <property name="os.name" value="Windows 10"/>
    <property name="java.vm.specification.version" value="23"/>
    <property name="user.country" value="US"/>
    <property name="sun.java.launcher" value="SUN_STANDARD"/>
    <property name="sun.boot.library.path" value="C:\Program Files\Java\jdk-23\bin"/>
    <property name="sun.java.command" value="C:\Users\mikol\AppData\Local\Temp\surefire6401146903349936017\surefirebooter15613415972202938115.jar C:\Users\mikol\AppData\Local\Temp\surefire6401146903349936017 2024-12-13T22-40-29_102-jvmRun1 surefire941780262152504196tmp surefire_012045023475739395627tmp"/>
    <property name="jdk.debug" value="release"/>
    <property name="test" value="${packageClassName}"/>
    <property name="surefire.test.class.path" value="C:\Users\mikol\Desktop\studia\java\Java_Calculator\Koszyk\koszyk\target\test-classes;C:\Users\mikol\Desktop\studia\java\Java_Calculator\Koszyk\koszyk\target\classes;C:\Users\mikol\.m2\repository\junit\junit\4.13.2\junit-4.13.2.jar;C:\Users\mikol\.m2\repository\org\hamcrest\hamcrest-core\1.3\hamcrest-core-1.3.jar;"/>
    <property name="sun.cpu.endian" value="little"/>
    <property name="user.home" value="C:\Users\mikol"/>
    <property name="user.language" value="en"/>
    <property name="java.specification.vendor" value="Oracle Corporation"/>
    <property name="java.version.date" value="2024-10-15"/>
    <property name="java.home" value="C:\Program Files\Java\jdk-23"/>
    <property name="file.separator" value="\"/>
    <property name="basedir" value="C:\Users\mikol\Desktop\studia\java\Java_Calculator\Koszyk\koszyk"/>
    <property name="java.vm.compressedOopsMode" value="Zero based"/>
    <property name="line.separator" value="&#10;"/>
    <property name="java.vm.specification.vendor" value="Oracle Corporation"/>
    <property name="java.specification.name" value="Java Platform API Specification"/>
    <property name="surefire.real.class.path" value="C:\Users\mikol\AppData\Local\Temp\surefire6401146903349936017\surefirebooter15613415972202938115.jar"/>
    <property name="user.script" value=""/>
    <property name="sun.management.compiler" value="HotSpot 64-Bit Tiered Compilers"/>
    <property name="java.runtime.version" value="23.0.1+11-39"/>
    <property name="user.name" value="mikol"/>
    <property name="stdout.encoding" value="Cp1250"/>
    <property name="path.separator" value=";"/>
    <property name="os.version" value="10.0"/>
    <property name="java.runtime.name" value="Java(TM) SE Runtime Environment"/>
    <property name="file.encoding" value="UTF-8"/>
    <property name="java.vm.name" value="Java HotSpot(TM) 64-Bit Server VM"/>
    <property name="maven.ext.class.path" value="C:\Users\mikol\.vscode\extensions\oracle.oracle-java-23.0.1\nbcode\java\maven-nblib\netbeans-eventspy.jar"/>
    <property name="localRepository" value="C:\Users\mikol\.m2\repository"/>
    <property name="java.vendor.url.bug" value="https://bugreport.java.com/bugreport/"/>
    <property name="java.io.tmpdir" value="C:\Users\mikol\AppData\Local\Temp\"/>
    <property name="java.version" value="23.0.1"/>
    <property name="user.dir" value="C:\Users\mikol\Desktop\studia\java\Java_Calculator\Koszyk\koszyk"/>
    <property name="os.arch" value="amd64"/>
    <property name="java.vm.specification.name" value="Java Virtual Machine Specification"/>
    <property name="sun.os.patch.level" value=""/>
    <property name="native.encoding" value="Cp1250"/>
    <property name="java.library.path" value="C:\Program Files\Java\jdk-23\bin;C:\WINDOWS\Sun\Java\bin;C:\WINDOWS\system32;C:\WINDOWS;C:\Program Files\Common Files\Oracle\Java\javapath;C:\Program Files (x86)\Common Files\Oracle\Java\javapath;C:\WINDOWS\system32;C:\WINDOWS;C:\WINDOWS\System32\Wbem;C:\WINDOWS\System32\WindowsPowerShell\v1.0\;C:\WINDOWS\System32\OpenSSH\;C:\Program Files (x86)\NVIDIA Corporation\PhysX\Common;C:\Program Files\Microsoft SQL Server\150\Tools\Binn\;C:\msys64\mingw64\bin;C:\Program Files\dotnet\;C:\Program Files\PuTTY\;C:\Users\mikol\AppData\Local\Programs\Python\Python311\Scripts\;C:\Users\mikol\AppData\Local\Programs\Python\Python311\;C:\Users\mikol\AppData\Local\Microsoft\WindowsApps;C:\Program Files\JetBrains\PyCharm Community Edition 2023.1.2\bin;;C:\Users\mikol\AppData\Local\Programs\Microsoft VS Code\bin;C:\Users\mikol\AppData\Local\GitHubDesktop\bin;C:\Program Files\Apache\maven\apache-maven-3.9.9\bin;;."/>
    <property name="java.vm.info" value="mixed mode, sharing"/>
    <property name="stderr.encoding" value="Cp1250"/>
    <property name="java.vendor" value="Oracle Corporation"/>
    <property name="java.vm.version" value="23.0.1+11-39"/>
    <property name="sun.io.unicode.encoding" value="UnicodeLittle"/>
    <property name="java.class.version" value="67.0"/>
  </properties>
  <testcase name="FindMostExpensiveProduct" classname="koszyk.KoszykTest" time="0.013"/>
  <testcase name="ApplyValueBasedDiscount" classname="koszyk.KoszykTest" time="0.005"/>
  <testcase name="CalculateTotalValue" classname="koszyk.KoszykTest" time="0"/>
  <testcase name="ReturnZeroTotalValueForEmptyCart" classname="koszyk.KoszykTest" time="0"/>
  <testcase name="ApplyBuyTwoGetThirdFreePromotion" classname="koszyk.KoszykTest" time="0.002"/>
  <testcase name="AddProductToCart" classname="koszyk.KoszykTest" time="0"/>
  <testcase name="SortProductsByPriceDescending" classname="koszyk.KoszykTest" time="0.001"/>
  <testcase name="ReturnNullForEmptyCartCheapestProduct" classname="koszyk.KoszykTest" time="0"/>
  <testcase name="FindCheapestProduct" classname="koszyk.KoszykTest" time="0"/>
</testsuite>